<?xml version="1.0" encoding="UTF-8"?>
<testsuite name="com.shilapi.xcertplay.transport.Ch341I2cStreamEncoderTest" tests="2" skipped="0" failures="0" errors="0" timestamp="2026-09-12T02:40:25.296Z" hostname="LAPI-PC-002" time="0.019">
  <properties/>
  <testcase name="encodesWriteReadWithRepeatedStartAndFinalReadNack" classname="com.shilapi.xcertplay.transport.Ch341I2cStreamEncoderTest" time="0.001"/>
  <testcase name="encodesMaximumPureReadWithOnlyFinalNackAndStop" classname="com.shilapi.xcertplay.transport.Ch341I2cStreamEncoderTest" time="0.017"/>
  <system-out><![CDATA[]]></system-out>
  <system-err><![CDATA[]]></system-err>
</testsuite>
